INFO:sim:172 - Generating IP...
WARNING:sim - Verilog simulation file type 'Behavioral' is not valid for this
   core. Overriding with simulation file type 'Structural'.
Resolving generics for 'ieee_ops'...
WARNING:sim - Verilog simulation file type 'Behavioral' is not valid for this
   core. Overriding with simulation file type 'Structural'.
Applying external generics to 'ieee_ops'...
Delivering associated files for 'ieee_ops'...
Generating implementation netlist for 'ieee_ops'...
INFO:sim - Pre-processing HDL files for 'ieee_ops'...
Running synthesis for 'ieee_ops'
Running ngcbuild...
Writing VEO instantiation template for 'ieee_ops'...
WARNING:sim - Verilog simulation file type 'Behavioral' is not valid for this
   core. Overriding with simulation file type 'Structural'.
Writing Verilog structural simulation model for 'ieee_ops'...
WARNING:sim - Verilog simulation file type 'Behavioral' is not valid for this
   core. Overriding with simulation file type 'Structural'.
Delivered 3 files into directory F:/411/cordic_alg/ipcore_dir/tmp/_cg/ieee_ops
Generating ASY schematic symbol...
INFO:sim:949 - Finished generation of ASY schematic symbol.
Generating SYM schematic symbol for 'ieee_ops'...
Generating metadata file...
Generating ISE project...
XCO file found: ieee_ops.xco
XMDF file found: ieee_ops_xmdf.tcl
Adding F:/411/cordic_alg/ipcore_dir/tmp/_cg/ieee_ops.asy -view all -origin_type
imported
Adding F:/411/cordic_alg/ipcore_dir/tmp/_cg/ieee_ops.ngc -view all -origin_type
created
Checking file "F:/411/cordic_alg/ipcore_dir/tmp/_cg/ieee_ops.ngc" for project
device match ...
File "F:/411/cordic_alg/ipcore_dir/tmp/_cg/ieee_ops.ngc" device information
matches project device.
Adding F:/411/cordic_alg/ipcore_dir/tmp/_cg/ieee_ops.sym -view all -origin_type
imported
Adding F:/411/cordic_alg/ipcore_dir/tmp/_cg/ieee_ops.v -view all -origin_type
created
INFO:HDLCompiler:1845 - Analyzing Verilog file
   "F:/411/cordic_alg/ipcore_dir/tmp/_cg/ieee_ops.v" into library work
INFO:ProjectMgmt - Parsing design hierarchy completed successfully.
Adding F:/411/cordic_alg/ipcore_dir/tmp/_cg/ieee_ops.veo -view all -origin_type
imported
INFO:TclTasksC:2116 - The automatic calculation of top has been turned-off.
   Please set the new top explicitly by running the "project set top" command.
   To re-calculate the new top automatically, set the "Auto Implementation Top"
   property to true.
Top level has been set to "/ieee_ops"
Generating README file...
Generating FLIST file...
INFO:sim:948 - Finished FLIST file generation.
Launching README viewer...
Moving files to output directory...
Finished moving files to output directory
Wrote CGP file for project 'ieee_ops'.
